{
  "RSpec": {
    "coverage": {
      "/home/s8d32w/securityoptions/lib/puppet/type/so_registryvalue.rb": [
        1,
        null,
        1,
        1,
        1,
        null,
        null,
        null,
        1,
        1,
        14,
        null,
        null,
        null,
        1,
        null,
        1,
        24,
        null,
        null,
        null,
        null,
        1,
        1,
        null,
        1,
        null,
        19,
        19,
        19,
        3,
        null,
        null,
        3,
        null,
        null,
        9,
        null,
        null,
        4,
        null,
        0,
        null,
        null,
        null,
        1,
        18,
        18,
        2,
        null,
        3,
        3,
        null,
        null,
        null,
        null,
        null,
        null,
        4,
        4,
        0,
        null,
        null,
        null,
        null,
        null,
        null
      ],
      "/home/s8d32w/securityoptions/lib/puppet_x/securityoptions/secedit_mapping.rb": [
        1,
        null,
        1,
        1,
        1,
        1,
        1360,
        null,
        null,
        1,
        1,
        null,
        1,
        null,
        null,
        26734,
        null,
        649,
        null,
        null,
        1,
        1343,
        25,
        24,
        null,
        1,
        null,
        null,
        1,
        28417,
        686,
        null,
        null,
        null,
        null,
        null
      ],
      "/home/s8d32w/securityoptions/lib/puppet/provider/so_registryvalue/so_registryvalue.rb": [
        1,
        1,
        null,
        null,
        1,
        1,
        null,
        null,
        1,
        null,
        null,
        1,
        1,
        1,
        1,
        null,
        1,
        null,
        1,
        0,
        null,
        null,
        1,
        0,
        0,
        null,
        null,
        1,
        0,
        0,
        null,
        null,
        1,
        0,
        null,
        null,
        1,
        0,
        0,
        null,
        null,
        1,
        0,
        null,
        null,
        1,
        0,
        0,
        null,
        0,
        0,
        null,
        null,
        null,
        null,
        null,
        null,
        null,
        null,
        null,
        null,
        null,
        1,
        0,
        null,
        null,
        null,
        null,
        null,
        null,
        null,
        null,
        null,
        null,
        null,
        1,
        1,
        null,
        72,
        72,
        1,
        null,
        null,
        null,
        null,
        1,
        9,
        9,
        9,
        9,
        null,
        9,
        9,
        null,
        null,
        null,
        null,
        null,
        9,
        null,
        null,
        1,
        9,
        9,
        648,
        648,
        null,
        648,
        648,
        549,
        null,
        54,
        0,
        null,
        54,
        null,
        null,
        null,
        null,
        null,
        648,
        null,
        null,
        null,
        null,
        null,
        null,
        null,
        null,
        null,
        null,
        null
      ],
      "/home/s8d32w/securityoptions/spec/fixtures/modules/inifile/lib/puppet/util/ini_file.rb": [
        1,
        1,
        null,
        1,
        null,
        null,
        null,
        1,
        1,
        null,
        null,
        8,
        null,
        8,
        8,
        8,
        8,
        null,
        8,
        8,
        8,
        null,
        8,
        8,
        8,
        8,
        8,
        null,
        null,
        1,
        null,
        null,
        null,
        8,
        8,
        8,
        8,
        8,
        8,
        8,
        null,
        0,
        null,
        8,
        8,
        8,
        8,
        null,
        null,
        1,
        null,
        1,
        9,
        9,
        648,
        null,
        null,
        null,
        1,
        0,
        null,
        null,
        1,
        0,
        null,
        null,
        1,
        0,
        null,
        null,
        0,
        null,
        0,
        null,
        null,
        0,
        null,
        null,
        null,
        null,
        0,
        0,
        null,
        null,
        0,
        null,
        0,
        0,
        0,
        0,
        null,
        null,
        null,
        null,
        null,
        null,
        null,
        null,
        null,
        0,
        null,
        null,
        null,
        0,
        null,
        null,
        null,
        null,
        0,
        0,
        null,
        0,
        null,
        null,
        null,
        1,
        0,
        0,
        null,
        null,
        0,
        null,
        null,
        null,
        0,
        null,
        null,
        null,
        null,
        0,
        0,
        null,
        null,
        1,
        0,
        0,
        0,
        null,
        0,
        null,
        null,
        0,
        null,
        0,
        0,
        null,
        null,
        0,
        null,
        0,
        0,
        null,
        null,
        null,
        0,
        0,
        null,
        null,
        null,
        null,
        null,
        0,
        0,
        null,
        null,
        null,
        null,
        0,
        0,
        null,
        null,
        null,
        null,
        null,
        0,
        0,
        null,
        null,
        0,
        0,
        0,
        null,
        null,
        null,
        null,
        null,
        null,
        null,
        null,
        0,
        null,
        null,
        null,
        null,
        null,
        1,
        null,
        1,
        48,
        48,
        null,
        null,
        1,
        8,
        null,
        null,
        null,
        8,
        8,
        8,
        null,
        8,
        40,
        40,
        40,
        null,
        40,
        null,
        null,
        null,
        1,
        48,
        48,
        48,
        48,
        848,
        848,
        800,
        800,
        800,
        800,
        null,
        800,
        800,
        null,
        null,
        null,
        1,
        0,
        0,
        0,
        0,
        null,
        null,
        null,
        null,
        1,
        0,
        0,
        0,
        0,
        null,
        null,
        null,
        null,
        1,
        8,
        null,
        null,
        1,
        8,
        null,
        null,
        null,
        null,
        1,
        null,
        null,
        null,
        null,
        null,
        8,
        null,
        null,
        null,
        null,
        null,
        null,
        null,
        null,
        null,
        null,
        null,
        1,
        0,
        0,
        0,
        0,
        0,
        null,
        null,
        null,
        null,
        null,
        null,
        null,
        null,
        1,
        0,
        0,
        0,
        null,
        null,
        null,
        null,
        null,
        1,
        0,
        0,
        0,
        null,
        null,
        null,
        null,
        null,
        null,
        1,
        0,
        0,
        0,
        null,
        null,
        null,
        1,
        0,
        0,
        0,
        null,
        null,
        null
      ],
      "/home/s8d32w/securityoptions/spec/fixtures/modules/inifile/lib/puppet/util/external_iterator.rb": [
        1,
        null,
        null,
        null,
        1,
        1,
        8,
        8,
        null,
        null,
        1,
        848,
        848,
        null,
        null,
        1,
        848,
        null,
        null,
        1,
        null,
        1,
        1696,
        1680,
        null,
        16,
        null,
        null,
        null,
        null
      ],
      "/home/s8d32w/securityoptions/spec/fixtures/modules/inifile/lib/puppet/util/ini_file/section.rb": [
        1,
        null,
        null,
        null,
        1,
        null,
        null,
        null,
        null,
        null,
        null,
        null,
        null,
        null,
        1,
        48,
        48,
        48,
        48,
        48,
        48,
        null,
        null,
        1,
        null,
        1,
        0,
        null,
        null,
        1,
        null,
        null,
        0,
        null,
        null,
        1,
        9,
        null,
        null,
        1,
        648,
        null,
        null,
        1,
        0,
        null,
        null,
        1,
        0,
        null,
        null,
        1,
        0,
        null,
        null,
        1,
        0,
        null,
        null,
        null,
        null,
        null,
        null,
        null,
        null,
        1,
        0,
        0,
        null,
        null,
        1,
        0,
        null,
        null,
        null,
        null,
        null,
        1,
        0,
        0,
        null,
        null,
        null,
        null,
        null,
        1,
        0,
        0,
        null,
        null,
        null
      ],
      "/home/s8d32w/securityoptions/spec/unit/puppet/type/so_registryvalue_spec.rb": [
        1,
        null,
        1,
        4,
        2,
        null,
        2,
        1,
        1,
        null,
        4,
        4,
        6,
        null,
        4,
        4,
        6,
        null,
        1,
        1,
        1,
        null,
        null,
        1,
        1,
        1,
        null,
        null,
        1,
        1,
        null,
        null,
        null,
        1,
        null,
        null,
        null,
        1,
        null,
        null,
        1,
        1,
        null,
        1,
        1,
        null,
        null,
        1,
        1,
        1,
        null,
        null,
        null,
        null,
        1,
        1,
        0,
        null,
        null,
        null,
        null,
        null,
        null,
        null,
        null,
        1,
        1,
        1,
        1,
        null,
        1,
        1,
        1,
        null,
        1,
        1,
        1,
        null,
        1,
        1,
        1,
        null,
        1,
        1,
        1,
        null,
        1,
        1,
        1,
        null,
        null,
        1,
        1,
        1,
        null,
        1,
        1,
        1,
        null,
        1,
        1,
        1,
        null,
        1,
        1,
        1,
        null,
        1,
        1,
        1,
        null,
        null,
        null,
        null,
        null
      ],
      "/home/s8d32w/securityoptions/spec/unit/puppet_x/securityoptions/secedit_mapping_spec.rb": [
        1,
        1,
        null,
        null,
        1,
        1,
        1,
        2,
        3,
        null,
        null,
        null,
        null,
        null,
        null,
        null,
        1,
        null,
        null,
        null,
        null,
        null,
        null,
        null,
        null,
        null,
        null,
        null,
        null,
        null,
        null,
        null,
        null,
        null,
        null,
        null,
        null,
        null,
        null,
        null,
        null,
        null,
        null,
        null,
        null,
        null,
        null,
        null,
        0,
        null,
        null,
        null,
        null,
        1,
        null,
        1,
        1,
        null,
        1,
        1,
        null,
        1,
        1,
        1,
        1,
        1,
        null,
        null,
        null,
        null
      ]
    },
    "timestamp": 1535718542
  }
}
